<?xml version="1.0" encoding="UTF-8"?>
<!-- Generated by org.testng.reporters.JUnitXMLReporter -->
<testsuite ignored="0" hostname="DESKTOP-5VGD0PP" failures="0" tests="3" name="Default test" time="15.178" errors="0" timestamp="2024-10-27T09:54:56 IST">
  <testcase classname="Testcase.MakeMyTripFlightSearch" name="ValidSeach" time="4.596"/>
  <testcase classname="Testcase.MakeMyTripFlightSearch" name="ValidSeach" time="5.079"/>
  <testcase classname="Testcase.MakeMyTripFlightSearch" name="SameCitySearch" time="2.05"/>
</testsuite> <!-- Default test -->
