<?xml version="1.0" encoding="UTF-8"?>
<!-- Generated by org.testng.reporters.JUnitXMLReporter -->
<testsuite ignored="0" hostname="DESKTOP-5VGD0PP" failures="0" tests="4" name="Default test" time="0.067" errors="0" timestamp="2024-10-26T08:53:03 IST">
  <testcase classname="TestNGAnnotation.TestNGFirstClass" name="Testcase2" time="0.008"/>
  <testcase classname="TestNGAnnotation.TestNGFirstClass" name="Testcase1" time="0.001"/>
  <testcase classname="TestNGAnnotation.TestNGFirstClass" name="Testcase4" time="0.002"/>
  <testcase classname="TestNGAnnotation.TestNGFirstClass" name="Testcase3" time="0.002"/>
</testsuite> <!-- Default test -->
