<?xml version="1.0" encoding="UTF-8"?>
<!-- Generated by org.testng.reporters.JUnitXMLReporter -->
<testsuite ignored="2" hostname="DESKTOP-5VGD0PP" failures="0" tests="3" name="Test" time="0.052" errors="0" timestamp="2024-10-26T08:58:03 IST">
  <testcase classname="TestNGAnnotation.TestNGFirstClass" name="Testcase2" time="0.013"/>
  <testcase classname="TestNGAnnotation.TestNGFirstClass" name="Testcase1" time="0.002"/>
  <testcase classname="TestNGAnnotation.TestNGFirstClass" name="Testcase4" time="0.001"/>
  <testcase classname="TestNGAnnotation.TestMGSecondcalss" name="Testcase3" time="0.0">
    <ignored/>
  </testcase> <!-- Testcase3 -->
  <testcase classname="TestNGAnnotation.TestNGFirstClass" name="Testcase3" time="0.0">
    <ignored/>
  </testcase> <!-- Testcase3 -->
</testsuite> <!-- Test -->
