<?xml version="1.0" encoding="UTF-8"?>
<!-- Generated by org.testng.reporters.JUnitXMLReporter -->
<testsuite ignored="0" hostname="DESKTOP-5VGD0PP" failures="0" tests="3" name="Test" time="15.628" errors="0" timestamp="2024-10-27T09:58:59 IST">
  <testcase classname="Testcase.MakeMyTripFlightSearch" name="ValidSeach" time="4.73"/>
  <testcase classname="Testcase.MakeMyTripFlightSearch" name="ValidSeach" time="5.643"/>
  <testcase classname="Testcase.MakeMyTripFlightSearch" name="SameCitySearch" time="1.992"/>
</testsuite> <!-- Test -->
