<?xml version="1.0" encoding="UTF-8"?>
<!-- Generated by org.testng.reporters.JUnitXMLReporter -->
<testsuite ignored="0" hostname="DESKTOP-5VGD0PP" failures="0" tests="3" name="Test" time="15.961" errors="0" timestamp="2024-10-27T10:05:33 IST">
  <testcase classname="Testcase.MakeMyTripFlightSearch" name="ValidSeach" time="5.215"/>
  <testcase classname="Testcase.MakeMyTripFlightSearch" name="ValidSeach" time="5.033"/>
  <testcase classname="Testcase.MakeMyTripFlightSearch" name="SameCitySearch" time="2.152"/>
</testsuite> <!-- Test -->
