<?xml version="1.0" encoding="UTF-8"?>
<testng-results ignored="0" total="3" passed="3" failed="0" skipped="0">
  <reporter-output>
  </reporter-output>
  <suite started-at="2024-10-27T10:05:17 IST" name="Suite" finished-at="2024-10-27T10:05:33 IST" duration-ms="15961">
    <groups>
    </groups>
    <test started-at="2024-10-27T10:05:17 IST" name="Test" finished-at="2024-10-27T10:05:33 IST" duration-ms="15961">
      <class name="Testcase.MakeMyTripFlightSearch">
        <test-method is-config="true" signature="Launch()[pri:0, instance:Testcase.MakeMyTripFlightSearch@3d74bf60]" started-at="2024-10-27T10:05:16 IST" name="Launch" finished-at="2024-10-27T10:05:17 IST" duration-ms="1751" status="PASS">
          <reporter-output>
          </reporter-output>
        </test-method> <!-- Launch -->
        <test-method is-config="true" signature="LauchtheApplication()[pri:0, instance:Testcase.MakeMyTripFlightSearch@3d74bf60]" started-at="2024-10-27T10:05:17 IST" name="LauchtheApplication" finished-at="2024-10-27T10:05:18 IST" duration-ms="1019" status="PASS">
          <reporter-output>
          </reporter-output>
        </test-method> <!-- LauchtheApplication -->
        <test-method is-config="true" signature="SetValues()[pri:0, instance:Testcase.MakeMyTripFlightSearch@3d74bf60]" started-at="2024-10-27T10:05:18 IST" name="SetValues" finished-at="2024-10-27T10:05:20 IST" duration-ms="1326" status="PASS">
          <reporter-output>
          </reporter-output>
        </test-method> <!-- SetValues -->
        <test-method signature="ValidSeach(java.lang.String,java.lang.String,java.lang.String)[pri:0, instance:Testcase.MakeMyTripFlightSearch@3d74bf60]" started-at="2024-10-27T10:05:20 IST" name="ValidSeach" data-provider="GetValidSearchTestdata" finished-at="2024-10-27T10:05:26 IST" duration-ms="5215" status="PASS">
          <params>
            <param index="0">
              <value>
                <![CDATA[MAA]]>
              </value>
            </param>
            <param index="1">
              <value>
                <![CDATA[PNQ]]>
              </value>
            </param>
            <param index="2">
              <value>
                <![CDATA[30]]>
              </value>
            </param>
          </params>
          <reporter-output>
          </reporter-output>
        </test-method> <!-- ValidSeach -->
        <test-method is-config="true" signature="WriteInReport(org.testng.ITestResult)[pri:0, instance:Testcase.MakeMyTripFlightSearch@3d74bf60]" started-at="2024-10-27T10:05:26 IST" name="WriteInReport" finished-at="2024-10-27T10:05:26 IST" duration-ms="150" status="PASS">
          <params>
            <param index="0">
              <value>
                <![CDATA[[TestResult name=ValidSeach status=SUCCESS method=MakeMyTripFlightSearch.ValidSeach(java.lang.String,java.lang.String,java.lang.String)[pri:0, instance:Testcase.MakeMyTripFlightSearch@3d74bf60] output={null}]]]>
              </value>
            </param>
          </params>
          <reporter-output>
          </reporter-output>
        </test-method> <!-- WriteInReport -->
        <test-method signature="ValidSeach(java.lang.String,java.lang.String,java.lang.String)[pri:0, instance:Testcase.MakeMyTripFlightSearch@3d74bf60]" started-at="2024-10-27T10:05:26 IST" name="ValidSeach" data-provider="GetValidSearchTestdata" finished-at="2024-10-27T10:05:31 IST" duration-ms="5033" status="PASS">
          <params>
            <param index="0">
              <value>
                <![CDATA[PNQ]]>
              </value>
            </param>
            <param index="1">
              <value>
                <![CDATA[BLR]]>
              </value>
            </param>
            <param index="2">
              <value>
                <![CDATA[25]]>
              </value>
            </param>
          </params>
          <reporter-output>
          </reporter-output>
        </test-method> <!-- ValidSeach -->
        <test-method is-config="true" signature="WriteInReport(org.testng.ITestResult)[pri:0, instance:Testcase.MakeMyTripFlightSearch@3d74bf60]" started-at="2024-10-27T10:05:31 IST" name="WriteInReport" finished-at="2024-10-27T10:05:31 IST" duration-ms="133" status="PASS">
          <params>
            <param index="0">
              <value>
                <![CDATA[[TestResult name=ValidSeach status=SUCCESS method=MakeMyTripFlightSearch.ValidSeach(java.lang.String,java.lang.String,java.lang.String)[pri:0, instance:Testcase.MakeMyTripFlightSearch@3d74bf60] output={null}]]]>
              </value>
            </param>
          </params>
          <reporter-output>
          </reporter-output>
        </test-method> <!-- WriteInReport -->
        <test-method signature="SameCitySearch()[pri:1, instance:Testcase.MakeMyTripFlightSearch@3d74bf60]" started-at="2024-10-27T10:05:31 IST" name="SameCitySearch" finished-at="2024-10-27T10:05:33 IST" duration-ms="2152" status="PASS">
          <reporter-output>
          </reporter-output>
        </test-method> <!-- SameCitySearch -->
        <test-method is-config="true" signature="WriteInReport(org.testng.ITestResult)[pri:0, instance:Testcase.MakeMyTripFlightSearch@3d74bf60]" started-at="2024-10-27T10:05:33 IST" name="WriteInReport" finished-at="2024-10-27T10:05:33 IST" duration-ms="301" status="PASS">
          <params>
            <param index="0">
              <value>
                <![CDATA[[TestResult name=SameCitySearch status=SUCCESS method=MakeMyTripFlightSearch.SameCitySearch()[pri:1, instance:Testcase.MakeMyTripFlightSearch@3d74bf60] output={null}]]]>
              </value>
            </param>
          </params>
          <reporter-output>
          </reporter-output>
        </test-method> <!-- WriteInReport -->
        <test-method is-config="true" signature="tearDown()[pri:0, instance:Testcase.MakeMyTripFlightSearch@3d74bf60]" started-at="2024-10-27T10:05:33 IST" name="tearDown" finished-at="2024-10-27T10:05:34 IST" duration-ms="514" status="PASS">
          <reporter-output>
          </reporter-output>
        </test-method> <!-- tearDown -->
      </class> <!-- Testcase.MakeMyTripFlightSearch -->
    </test> <!-- Test -->
  </suite> <!-- Suite -->
</testng-results>
