<?xml version="1.0" encoding="UTF-8"?>
<testng-results ignored="0" total="1" passed="1" failed="0" skipped="0">
  <reporter-output>
  </reporter-output>
  <suite started-at="2024-10-05T09:06:29 IST" name="Default suite" finished-at="2024-10-05T09:06:39 IST" duration-ms="9395">
    <groups>
    </groups>
    <test started-at="2024-10-05T09:06:29 IST" name="Default test" finished-at="2024-10-05T09:06:39 IST" duration-ms="9395">
      <class name="BasicsofSelenium.Syncronization">
        <test-method signature="launch()[pri:0, instance:BasicsofSelenium.Syncronization@4efbca5a]" started-at="2024-10-05T09:06:29 IST" name="launch" finished-at="2024-10-05T09:06:39 IST" duration-ms="9359" status="PASS">
          <reporter-output>
          </reporter-output>
        </test-method> <!-- launch -->
      </class> <!-- BasicsofSelenium.Syncronization -->
    </test> <!-- Default test -->
  </suite> <!-- Default suite -->
</testng-results>
