<?xml version="1.0" encoding="UTF-8"?>
<!-- Generated by org.testng.reporters.JUnitReportReporter -->
<testsuite hostname="DESKTOP-5VGD0PP" failures="0" tests="3" name="Testcase.MakeMyTripFlightSearch" time="12.855" errors="0" timestamp="2024-10-27T09:59:00 IST" skipped="0">
  <testcase classname="Testcase.MakeMyTripFlightSearch" name="ValidSeach" time="4.881"/>
  <testcase classname="Testcase.MakeMyTripFlightSearch" name="ValidSeach" time="5.860"/>
  <testcase classname="Testcase.MakeMyTripFlightSearch" name="SameCitySearch" time="2.114"/>
</testsuite> <!-- Testcase.MakeMyTripFlightSearch -->
