<?xml version="1.0" encoding="UTF-8"?>
<!-- Generated by org.testng.reporters.JUnitReportReporter -->
<testsuite hostname="DESKTOP-5VGD0PP" failures="0" tests="3" name="Testcase.MakeMyTripFlightSearch" time="12.290" errors="0" timestamp="2024-10-27T09:54:57 IST" skipped="0">
  <testcase classname="Testcase.MakeMyTripFlightSearch" name="ValidSeach" time="4.735"/>
  <testcase classname="Testcase.MakeMyTripFlightSearch" name="ValidSeach" time="5.379"/>
  <testcase classname="Testcase.MakeMyTripFlightSearch" name="SameCitySearch" time="2.176"/>
</testsuite> <!-- Testcase.MakeMyTripFlightSearch -->
