<?xml version="1.0" encoding="UTF-8"?>
<!-- Generated by org.testng.reporters.JUnitReportReporter -->
<testsuite hostname="DESKTOP-5VGD0PP" failures="0" tests="3" name="TestNGAnnotation.TestNGFirstClass" time="0.016" errors="0" timestamp="2024-10-26T08:58:03 IST" skipped="0">
  <testcase classname="TestNGAnnotation.TestNGFirstClass" name="Testcase2" time="0.013"/>
  <testcase classname="TestNGAnnotation.TestNGFirstClass" name="Testcase1" time="0.002"/>
  <testcase classname="TestNGAnnotation.TestNGFirstClass" name="Testcase4" time="0.001"/>
</testsuite> <!-- TestNGAnnotation.TestNGFirstClass -->
