<?xml version="1.0" encoding="UTF-8"?>
<!-- Generated by org.testng.reporters.JUnitReportReporter -->
<testsuite hostname="DESKTOP-5VGD0PP" failures="0" tests="2" name="TestNGAnnotation.TestNGFirstClass" time="0.004" errors="0" timestamp="2024-10-20T10:03:24 IST" skipped="0">
  <testcase classname="TestNGAnnotation.TestNGFirstClass" name="Testcase1" time="0.003"/>
  <testcase classname="TestNGAnnotation.TestNGFirstClass" name="Testcase2" time="0.001"/>
</testsuite> <!-- TestNGAnnotation.TestNGFirstClass -->
