<?xml version="1.0" encoding="UTF-8"?>
<!-- Generated by org.testng.reporters.JUnitReportReporter -->
<testsuite hostname="DESKTOP-5VGD0PP" failures="0" tests="3" name="Testcase.MakeMyTripFlightSearch" time="12.984" errors="0" timestamp="2024-10-27T10:05:34 IST" skipped="0">
  <testcase classname="Testcase.MakeMyTripFlightSearch" name="ValidSeach" time="5.365"/>
  <testcase classname="Testcase.MakeMyTripFlightSearch" name="ValidSeach" time="5.166"/>
  <testcase classname="Testcase.MakeMyTripFlightSearch" name="SameCitySearch" time="2.453"/>
</testsuite> <!-- Testcase.MakeMyTripFlightSearch -->
